[2026-06-02_1719] Iniciando backup do banco 'ecommerce_db'...
[2026-06-02_1719] ✓ Backup criado: ./backups/backup_2026-06-02_1719.sql.gz (4.0K)
[2026-06-02_1719] ✓ Integridade verificada com sucesso
[2026-06-02_1719] Backups com mais de 7 dias removidos.
[2026-06-02_1719] Backup concluído.
[2026-06-02_1724] Iniciando backup do banco 'ecommerce_db'...
[2026-06-02_1724] ✓ Backup criado: ./backups/backup_2026-06-02_1724.sql.gz (0)
[2026-06-02_1724] ✓ Integridade verificada com sucesso
[2026-06-02_1724] Backups com mais de 7 dias removidos.
[2026-06-02_1724] Backup concluído.
[2026-06-02_1724] Iniciando backup do banco 'ecommerce_db'...
[2026-06-02_1724] ✓ Backup criado: ./backups/backup_2026-06-02_1724.sql.gz (4.0K)
[2026-06-02_1724] ✓ Integridade verificada com sucesso
[2026-06-02_1724] Backups com mais de 7 dias removidos.
[2026-06-02_1724] Backup concluído.
[2026-06-04_1309] Iniciando backup do banco 'ecommerce_db'...
[2026-06-04_1309] ✓ Backup criado: ./backups/backup_2026-06-04_1309.sql.gz (4.0K)
[2026-06-04_1309] ✓ Integridade verificada com sucesso
[2026-06-04_1309] Backups com mais de 7 dias removidos.
[2026-06-04_1309] Backup concluído.
